\BOOKMARK [1][-]{section.1}{\376\377\133\236\232\214\230\230\166\356}{}% 1
\BOOKMARK [1][-]{section.2}{\376\377\133\236\232\214\217\307\172\013}{}% 2
\BOOKMARK [2][-]{subsection.2.1}{\376\377\133\236\232\214\136\163\123\360}{section.2}% 3
\BOOKMARK [2][-]{subsection.2.2}{\376\377\173\227\154\325\214\003\170\024\123\312\220\011\142\351}{section.2}% 4
\BOOKMARK [2][-]{subsection.2.3}{\376\377\176\304\124\130\122\006\135\345}{section.2}% 5
\BOOKMARK [2][-]{subsection.2.4}{\376\377\137\000\123\321\145\345\137\327}{section.2}% 6
\BOOKMARK [1][-]{section.3}{\376\377\133\236\232\214\116\343\170\001}{}% 7
\BOOKMARK [2][-]{subsection.3.1}{\376\377\000L\000E\000D\160\157\143\247\122\066\152\041\127\127\000-\000l\000e\000d\000c\000o\000n\000t\000r\000o\000l\000.\000v}{section.3}% 8
\BOOKMARK [2][-]{subsection.3.2}{\376\377\152\041\137\017\220\011\142\351\000-\000m\000o\000d\000e\000c\000o\000n\000t\000r\000o\000l\000.\000v}{section.3}% 9
\BOOKMARK [2][-]{subsection.3.3}{\376\377\143\011\225\056\226\144\142\226\000-\000K\000i\000l\000l\000s\000h\000a\000k\000e\000.\000v}{section.3}% 10
\BOOKMARK [2][-]{subsection.3.4}{\376\377\217\271\154\277\150\300\155\113\000-\000E\000d\000g\000e\000d\000e\000t\000e\000c\000t\000.\000v}{section.3}% 11
\BOOKMARK [2][-]{subsection.3.5}{\376\377\145\160\170\001\173\241\232\161\122\250\000s\000e\000g\000\137\000d\000r\000i\000v\000e\000r\000.\000v}{section.3}% 12
\BOOKMARK [2][-]{subsection.3.6}{\376\377\123\101\217\333\122\066\121\153\153\265\145\160\170\001\173\241\213\321\170\001\126\150\000-\000l\000e\000d\0007\000s\000e\000g\000\137\000d\000e\000c\000o\000d\000e\000.\000v}{section.3}% 13
\BOOKMARK [2][-]{subsection.3.7}{\376\377\127\303\154\017\173\133\154\325\213\241\173\227\152\041\127\127\000-\000i\000s\000p\000r\000i\000m\000e\000.\000v}{section.3}% 14
\BOOKMARK [2][-]{subsection.3.8}{\376\377\0002\0000\117\115\116\214\217\333\122\066\122\060\0006\117\115\000B\000C\000D\170\001\213\321\170\001\126\150\000-\000b\000i\000n\000a\000r\000y\000\137\0002\0000\000b\000\137\000t\000o\000\137\000b\000c\000d\000\137\0006\000d\000.\000v}{section.3}% 15
\BOOKMARK [2][-]{subsection.3.9}{\376\377\116\000\171\322\213\241\145\366\126\150\000-\000C\000o\000u\000n\000t\000\137\000t\000o\000\137\000o\000n\000e\000\137\000s\000e\000c\000o\000n\000d\000.\000v}{section.3}% 16
\BOOKMARK [2][-]{subsection.3.10}{\376\377\230\166\134\102\145\207\116\366\116\016\215\160\176\277\000-\000t\000o\000p\000.\000v}{section.3}% 17
\BOOKMARK [1][-]{section.4}{\376\377\133\236\232\214\226\276\160\271}{}% 18
\BOOKMARK [2][-]{subsection.4.1}{\376\377\000R\000A\000M\000\040\000I\000P\150\070\166\204\213\276\177\156\116\016\133\236\117\213\123\026}{section.4}% 19
\BOOKMARK [2][-]{subsection.4.2}{\376\377\000R\000A\000M\213\373\166\204\145\366\136\217\145\366\136\366}{section.4}% 20
\BOOKMARK [2][-]{subsection.4.3}{\376\377\000i\000s\000p\000r\000i\000m\000e\152\041\127\127\131\015\117\115\145\366\147\072\220\011\142\351}{section.4}% 21
\BOOKMARK [1][-]{section.5}{\376\377\140\047\200\375\155\113\213\325}{}% 22
\BOOKMARK [1][-]{section.6}{\376\377\123\315\140\035\140\073\176\323}{}% 23
\BOOKMARK [1][-]{appendix.A}{\376\377\137\000\123\321\145\345\137\327}{}% 24
